<?xml version="1.0" encoding="UTF-8"?>
<testng-results ignored="0" total="1" passed="1" failed="0" skipped="0">
  <reporter-output>
  </reporter-output>
  <suite started-at="2020-07-22T11:59:09 IST" name="Default suite" finished-at="2020-07-22T11:59:27 IST" duration-ms="17569">
    <groups>
    </groups>
    <test started-at="2020-07-22T11:59:09 IST" name="Default test" finished-at="2020-07-22T11:59:27 IST" duration-ms="17569">
      <class name="TestCases.LoginApp">
        <test-method signature="Login()[pri:0, instance:TestCases.LoginApp@78dd667e]" started-at="2020-07-22T11:59:09 IST" name="Login" finished-at="2020-07-22T11:59:27 IST" duration-ms="17467" status="PASS">
          <reporter-output>
          </reporter-output>
        </test-method> <!-- Login -->
      </class> <!-- TestCases.LoginApp -->
    </test> <!-- Default test -->
  </suite> <!-- Default suite -->
</testng-results>
